<?xml version="1.0" encoding="UTF-8"?>
<testng-results skipped="0" failed="0" ignored="0" total="1" passed="1">
  <reporter-output>
  </reporter-output>
  <suite name="Default suite" duration-ms="49086" started-at="2020-04-29T14:02:34Z" finished-at="2020-04-29T14:03:24Z">
    <groups>
    </groups>
    <test name="Default test" duration-ms="49086" started-at="2020-04-29T14:02:34Z" finished-at="2020-04-29T14:03:24Z">
      <class name="com.actitime.test.CreateCustomer">
        <test-method status="PASS" signature="openBrowser()[pri:0, instance:com.actitime.test.CreateCustomer@685cb137]" name="openBrowser" is-config="true" duration-ms="9156" started-at="2020-04-29T14:02:34Z" finished-at="2020-04-29T14:02:44Z">
          <reporter-output>
          </reporter-output>
        </test-method> <!-- openBrowser -->
        <test-method status="PASS" signature="login()[pri:0, instance:com.actitime.test.CreateCustomer@685cb137]" name="login" is-config="true" duration-ms="16205" started-at="2020-04-29T14:02:44Z" finished-at="2020-04-29T14:03:00Z">
          <reporter-output>
          </reporter-output>
        </test-method> <!-- login -->
        <test-method status="PASS" signature="testCreateCustomer()[pri:0, instance:com.actitime.test.CreateCustomer@685cb137]" name="testCreateCustomer" duration-ms="16594" started-at="2020-04-29T14:03:00Z" finished-at="2020-04-29T14:03:16Z">
          <reporter-output>
          </reporter-output>
        </test-method> <!-- testCreateCustomer -->
        <test-method status="PASS" signature="logout()[pri:0, instance:com.actitime.test.CreateCustomer@685cb137]" name="logout" is-config="true" duration-ms="5753" started-at="2020-04-29T14:03:16Z" finished-at="2020-04-29T14:03:22Z">
          <reporter-output>
          </reporter-output>
        </test-method> <!-- logout -->
        <test-method status="PASS" signature="closeBrowser()[pri:0, instance:com.actitime.test.CreateCustomer@685cb137]" name="closeBrowser" is-config="true" duration-ms="1283" started-at="2020-04-29T14:03:22Z" finished-at="2020-04-29T14:03:24Z">
          <reporter-output>
          </reporter-output>
        </test-method> <!-- closeBrowser -->
      </class> <!-- com.actitime.test.CreateCustomer -->
    </test> <!-- Default test -->
  </suite> <!-- Default suite -->
</testng-results>
